mode: set
github.com/Alejandro-M-P/axiom/internal/config.go:20.29,28.2 3 0
github.com/Alejandro-M-P/axiom/internal/config.go:30.38,34.54 4 0
github.com/Alejandro-M-P/axiom/internal/config.go:34.54,36.3 1 0
github.com/Alejandro-M-P/axiom/internal/config.go:37.2,37.11 1 0
github.com/Alejandro-M-P/axiom/internal/config.go:40.45,42.2 1 0
github.com/Alejandro-M-P/axiom/internal/config.go:44.45,46.2 1 0
github.com/Alejandro-M-P/axiom/internal/lifecycle.go:16.13,18.16 2 1
github.com/Alejandro-M-P/axiom/internal/lifecycle.go:18.16,20.3 1 1
github.com/Alejandro-M-P/axiom/internal/lifecycle.go:20.8,22.3 1 0
github.com/Alejandro-M-P/axiom/internal/lifecycle.go:28.49,29.37 1 1
github.com/Alejandro-M-P/axiom/internal/lifecycle.go:29.37,31.3 1 1
github.com/Alejandro-M-P/axiom/internal/lifecycle.go:32.2,34.32 3 1
github.com/Alejandro-M-P/axiom/internal/lifecycle.go:34.32,36.3 1 0
github.com/Alejandro-M-P/axiom/internal/lifecycle.go:37.2,37.24 1 1
github.com/Alejandro-M-P/axiom/internal/lifecycle.go:37.24,39.3 1 1
github.com/Alejandro-M-P/axiom/internal/lifecycle.go:40.2,40.74 1 1
github.com/Alejandro-M-P/axiom/internal/lifecycle.go:40.74,41.25 1 1
github.com/Alejandro-M-P/axiom/internal/lifecycle.go:41.25,43.4 1 1
github.com/Alejandro-M-P/axiom/internal/lifecycle.go:45.2,45.14 1 1
github.com/Alejandro-M-P/axiom/internal/lifecycle.go:48.58,49.16 1 0
github.com/Alejandro-M-P/axiom/internal/lifecycle.go:49.16,51.3 1 0
github.com/Alejandro-M-P/axiom/internal/lifecycle.go:52.2,52.39 1 0
github.com/Alejandro-M-P/axiom/internal/lifecycle.go:52.39,54.3 1 0
github.com/Alejandro-M-P/axiom/internal/lifecycle.go:55.2,55.35 1 0
github.com/Alejandro-M-P/axiom/internal/lifecycle.go:55.35,57.3 1 0
github.com/Alejandro-M-P/axiom/internal/lifecycle.go:58.2,58.13 1 0
github.com/Alejandro-M-P/axiom/internal/lifecycle.go:61.42,63.16 2 0
github.com/Alejandro-M-P/axiom/internal/lifecycle.go:63.16,66.3 2 0
github.com/Alejandro-M-P/axiom/internal/lifecycle.go:68.2,68.37 1 0
github.com/Alejandro-M-P/axiom/internal/lifecycle.go:68.37,71.3 2 0
github.com/Alejandro-M-P/axiom/internal/lifecycle.go:73.2,77.25 3 0
github.com/Alejandro-M-P/axiom/internal/lifecycle.go:77.25,79.3 1 0
github.com/Alejandro-M-P/axiom/internal/lifecycle.go:80.2,87.17 4 0
github.com/Alejandro-M-P/axiom/internal/lifecycle.go:87.17,89.3 1 0
github.com/Alejandro-M-P/axiom/internal/lifecycle.go:91.2,99.32 2 0
github.com/Alejandro-M-P/axiom/internal/lifecycle.go:99.32,101.3 1 0
github.com/Alejandro-M-P/axiom/internal/lifecycle.go:102.2,102.40 1 0
github.com/Alejandro-M-P/axiom/internal/lifecycle.go:102.40,104.3 1 0
github.com/Alejandro-M-P/axiom/internal/lifecycle.go:105.2,105.17 1 0
github.com/Alejandro-M-P/axiom/internal/lifecycle.go:105.17,107.3 1 0
github.com/Alejandro-M-P/axiom/internal/lifecycle.go:109.2,113.69 4 0
github.com/Alejandro-M-P/axiom/internal/lifecycle.go:113.69,115.3 1 0
github.com/Alejandro-M-P/axiom/internal/lifecycle.go:117.2,122.54 4 0
github.com/Alejandro-M-P/axiom/internal/lifecycle.go:122.54,125.3 2 0
github.com/Alejandro-M-P/axiom/internal/lifecycle.go:128.2,128.71 1 0
github.com/Alejandro-M-P/axiom/internal/lifecycle.go:128.71,130.3 1 0
github.com/Alejandro-M-P/axiom/internal/lifecycle.go:132.2,136.80 2 0
github.com/Alejandro-M-P/axiom/internal/lifecycle.go:136.80,138.3 1 0
github.com/Alejandro-M-P/axiom/internal/lifecycle.go:141.51,142.32 1 0
github.com/Alejandro-M-P/axiom/internal/lifecycle.go:142.32,144.3 1 0
github.com/Alejandro-M-P/axiom/internal/lifecycle.go:145.2,145.14 1 0
github.com/Alejandro-M-P/axiom/internal/lifecycle.go:145.14,147.3 1 0
github.com/Alejandro-M-P/axiom/internal/lifecycle.go:148.2,148.23 1 0
github.com/Alejandro-M-P/axiom/internal/lifecycle.go:148.23,150.50 2 0
github.com/Alejandro-M-P/axiom/internal/lifecycle.go:150.50,152.4 1 0
github.com/Alejandro-M-P/axiom/internal/lifecycle.go:153.3,153.11 1 0
github.com/Alejandro-M-P/axiom/internal/lifecycle.go:155.2,155.10 1 0
github.com/Alejandro-M-P/axiom/internal/lifecycle.go:158.52,160.16 2 0
github.com/Alejandro-M-P/axiom/internal/lifecycle.go:160.16,162.3 1 0
github.com/Alejandro-M-P/axiom/internal/lifecycle.go:163.2,208.32 11 0
github.com/Alejandro-M-P/axiom/internal/lifecycle.go:208.32,209.14 1 0
github.com/Alejandro-M-P/axiom/internal/lifecycle.go:209.14,210.12 1 0
github.com/Alejandro-M-P/axiom/internal/lifecycle.go:212.3,213.16 2 0
github.com/Alejandro-M-P/axiom/internal/lifecycle.go:213.16,214.12 1 0
github.com/Alejandro-M-P/axiom/internal/lifecycle.go:217.3,220.26 3 0
github.com/Alejandro-M-P/axiom/internal/lifecycle.go:220.26,223.4 2 0
github.com/Alejandro-M-P/axiom/internal/lifecycle.go:223.9,226.4 2 0
github.com/Alejandro-M-P/axiom/internal/lifecycle.go:228.3,228.63 1 0
github.com/Alejandro-M-P/axiom/internal/lifecycle.go:231.2,231.70 1 0
github.com/Alejandro-M-P/axiom/internal/lifecycle.go:231.70,233.3 1 0
github.com/Alejandro-M-P/axiom/internal/lifecycle.go:235.2,238.34 4 0
github.com/Alejandro-M-P/axiom/internal/lifecycle.go:238.34,240.3 1 0
github.com/Alejandro-M-P/axiom/internal/lifecycle.go:242.2,242.12 1 0
github.com/Alejandro-M-P/axiom/internal/lifecycle.go:245.44,249.16 4 0
github.com/Alejandro-M-P/axiom/internal/lifecycle.go:249.16,251.3 1 0
github.com/Alejandro-M-P/axiom/internal/lifecycle.go:253.2,253.37 1 0
github.com/Alejandro-M-P/axiom/internal/lifecycle.go:253.37,255.3 1 0
github.com/Alejandro-M-P/axiom/internal/lifecycle.go:257.2,258.27 2 0
github.com/Alejandro-M-P/axiom/internal/lifecycle.go:258.27,259.48 1 0
github.com/Alejandro-M-P/axiom/internal/lifecycle.go:259.48,261.4 1 0
github.com/Alejandro-M-P/axiom/internal/lifecycle.go:264.2,265.16 2 0
github.com/Alejandro-M-P/axiom/internal/lifecycle.go:265.16,267.3 1 0
github.com/Alejandro-M-P/axiom/internal/lifecycle.go:269.2,269.13 1 0
github.com/Alejandro-M-P/axiom/internal/lifecycle.go:269.13,272.22 3 0
github.com/Alejandro-M-P/axiom/internal/lifecycle.go:272.22,274.4 1 0
github.com/Alejandro-M-P/axiom/internal/lifecycle.go:275.3,289.35 6 0
github.com/Alejandro-M-P/axiom/internal/lifecycle.go:289.35,291.4 1 0
github.com/Alejandro-M-P/axiom/internal/lifecycle.go:293.3,297.39 5 0
github.com/Alejandro-M-P/axiom/internal/lifecycle.go:297.39,299.4 1 0
github.com/Alejandro-M-P/axiom/internal/lifecycle.go:301.3,313.42 3 0
github.com/Alejandro-M-P/axiom/internal/lifecycle.go:313.42,315.4 1 0
github.com/Alejandro-M-P/axiom/internal/lifecycle.go:317.3,318.51 2 0
github.com/Alejandro-M-P/axiom/internal/lifecycle.go:318.51,320.4 1 0
github.com/Alejandro-M-P/axiom/internal/lifecycle.go:321.8,323.51 2 0
github.com/Alejandro-M-P/axiom/internal/lifecycle.go:323.51,325.4 1 0
github.com/Alejandro-M-P/axiom/internal/lifecycle.go:328.2,332.12 4 0
github.com/Alejandro-M-P/axiom/internal/lifecycle.go:335.43,337.16 2 0
github.com/Alejandro-M-P/axiom/internal/lifecycle.go:337.16,339.3 1 0
github.com/Alejandro-M-P/axiom/internal/lifecycle.go:340.2,340.13 1 0
github.com/Alejandro-M-P/axiom/internal/lifecycle.go:340.13,342.3 1 0
github.com/Alejandro-M-P/axiom/internal/lifecycle.go:344.2,346.50 3 0
github.com/Alejandro-M-P/axiom/internal/lifecycle.go:346.50,348.3 1 0
github.com/Alejandro-M-P/axiom/internal/lifecycle.go:350.2,354.18 5 0
github.com/Alejandro-M-P/axiom/internal/lifecycle.go:357.19,362.2 4 0
github.com/Alejandro-M-P/axiom/internal/lifecycle.go:364.44,367.16 3 0
github.com/Alejandro-M-P/axiom/internal/lifecycle.go:367.16,369.3 1 0
github.com/Alejandro-M-P/axiom/internal/lifecycle.go:371.2,371.37 1 0
github.com/Alejandro-M-P/axiom/internal/lifecycle.go:371.37,373.3 1 0
github.com/Alejandro-M-P/axiom/internal/lifecycle.go:375.2,379.16 4 0
github.com/Alejandro-M-P/axiom/internal/lifecycle.go:379.16,381.3 1 0
github.com/Alejandro-M-P/axiom/internal/lifecycle.go:382.2,384.37 2 0
github.com/Alejandro-M-P/axiom/internal/lifecycle.go:384.37,387.3 2 0
github.com/Alejandro-M-P/axiom/internal/lifecycle.go:389.2,392.34 4 0
github.com/Alejandro-M-P/axiom/internal/lifecycle.go:392.34,394.3 1 0
github.com/Alejandro-M-P/axiom/internal/lifecycle.go:396.2,396.85 1 0
github.com/Alejandro-M-P/axiom/internal/lifecycle.go:396.85,398.3 1 0
github.com/Alejandro-M-P/axiom/internal/lifecycle.go:399.2,399.46 1 0
github.com/Alejandro-M-P/axiom/internal/lifecycle.go:399.46,401.3 1 0
github.com/Alejandro-M-P/axiom/internal/lifecycle.go:402.2,402.12 1 0
github.com/Alejandro-M-P/axiom/internal/lifecycle.go:406.44,408.9 2 0
github.com/Alejandro-M-P/axiom/internal/lifecycle.go:409.74,410.28 1 0
github.com/Alejandro-M-P/axiom/internal/lifecycle.go:411.82,412.28 1 0
github.com/Alejandro-M-P/axiom/internal/lifecycle.go:413.39,414.36 1 0
github.com/Alejandro-M-P/axiom/internal/lifecycle.go:415.10,416.36 1 0
github.com/Alejandro-M-P/axiom/internal/lifecycle.go:421.46,423.46 1 1
github.com/Alejandro-M-P/axiom/internal/lifecycle.go:423.46,426.20 3 1
github.com/Alejandro-M-P/axiom/internal/lifecycle.go:426.20,428.4 1 1
github.com/Alejandro-M-P/axiom/internal/lifecycle.go:429.3,429.20 1 1
github.com/Alejandro-M-P/axiom/internal/lifecycle.go:429.20,430.51 1 1
github.com/Alejandro-M-P/axiom/internal/lifecycle.go:430.51,431.32 1 1
github.com/Alejandro-M-P/axiom/internal/lifecycle.go:431.32,433.6 1 1
github.com/Alejandro-M-P/axiom/internal/lifecycle.go:438.2,438.46 1 1
github.com/Alejandro-M-P/axiom/internal/lifecycle.go:438.46,441.20 3 1
github.com/Alejandro-M-P/axiom/internal/lifecycle.go:441.20,443.4 1 1
github.com/Alejandro-M-P/axiom/internal/lifecycle.go:444.3,444.20 1 0
github.com/Alejandro-M-P/axiom/internal/lifecycle.go:444.20,445.51 1 0
github.com/Alejandro-M-P/axiom/internal/lifecycle.go:445.51,446.32 1 0
github.com/Alejandro-M-P/axiom/internal/lifecycle.go:446.32,448.6 1 0
github.com/Alejandro-M-P/axiom/internal/lifecycle.go:453.2,455.16 3 1
github.com/Alejandro-M-P/axiom/internal/lifecycle.go:455.16,457.3 1 0
github.com/Alejandro-M-P/axiom/internal/lifecycle.go:458.2,458.56 1 1
github.com/Alejandro-M-P/axiom/internal/lifecycle.go:458.56,460.28 2 1
github.com/Alejandro-M-P/axiom/internal/lifecycle.go:460.28,461.17 1 1
github.com/Alejandro-M-P/axiom/internal/lifecycle.go:461.17,463.5 1 1
github.com/Alejandro-M-P/axiom/internal/lifecycle.go:466.2,466.19 1 0
github.com/Alejandro-M-P/axiom/internal/lifecycle.go:469.60,471.16 2 1
github.com/Alejandro-M-P/axiom/internal/lifecycle.go:471.16,473.3 1 0
github.com/Alejandro-M-P/axiom/internal/lifecycle.go:473.8,473.41 1 1
github.com/Alejandro-M-P/axiom/internal/lifecycle.go:473.41,475.3 1 1
github.com/Alejandro-M-P/axiom/internal/lifecycle.go:475.8,475.32 1 1
github.com/Alejandro-M-P/axiom/internal/lifecycle.go:475.32,477.3 1 1
github.com/Alejandro-M-P/axiom/internal/lifecycle.go:477.8,479.3 1 1
github.com/Alejandro-M-P/axiom/internal/lifecycle.go:480.2,480.61 1 1
github.com/Alejandro-M-P/axiom/internal/lifecycle.go:483.67,484.16 1 1
github.com/Alejandro-M-P/axiom/internal/lifecycle.go:484.16,486.3 1 0
github.com/Alejandro-M-P/axiom/internal/lifecycle.go:486.8,486.41 1 1
github.com/Alejandro-M-P/axiom/internal/lifecycle.go:486.41,488.3 1 1
github.com/Alejandro-M-P/axiom/internal/lifecycle.go:488.8,488.32 1 1
github.com/Alejandro-M-P/axiom/internal/lifecycle.go:488.32,490.3 1 1
github.com/Alejandro-M-P/axiom/internal/lifecycle.go:490.8,492.3 1 1
github.com/Alejandro-M-P/axiom/cmd/axiom/main.go:12.13,15.22 2 0
github.com/Alejandro-M-P/axiom/cmd/axiom/main.go:15.22,18.3 2 0
github.com/Alejandro-M-P/axiom/cmd/axiom/main.go:20.2,22.23 3 0
github.com/Alejandro-M-P/axiom/cmd/axiom/main.go:22.23,24.3 1 0
github.com/Alejandro-M-P/axiom/cmd/axiom/main.go:26.2,27.13 2 0
github.com/Alejandro-M-P/axiom/cmd/axiom/main.go:28.16,30.17 2 0
github.com/Alejandro-M-P/axiom/cmd/axiom/main.go:30.17,31.25 1 0
github.com/Alejandro-M-P/axiom/cmd/axiom/main.go:31.25,33.5 1 0
github.com/Alejandro-M-P/axiom/cmd/axiom/main.go:33.10,35.5 1 0
github.com/Alejandro-M-P/axiom/cmd/axiom/main.go:36.4,36.35 1 0
github.com/Alejandro-M-P/axiom/cmd/axiom/main.go:38.16,40.18 2 0
github.com/Alejandro-M-P/axiom/cmd/axiom/main.go:40.18,42.5 1 0
github.com/Alejandro-M-P/axiom/cmd/axiom/main.go:44.21,45.25 1 0
github.com/Alejandro-M-P/axiom/cmd/axiom/main.go:46.23,48.18 2 0
github.com/Alejandro-M-P/axiom/cmd/axiom/main.go:48.18,50.5 1 0
github.com/Alejandro-M-P/axiom/cmd/axiom/main.go:51.31,52.11 1 0
github.com/Alejandro-M-P/axiom/cmd/axiom/main.go:53.11,56.14 3 0
github.com/Alejandro-M-P/axiom/cmd/axiom/main.go:59.2,59.16 1 0
github.com/Alejandro-M-P/axiom/cmd/axiom/main.go:59.16,62.3 2 0
github.com/Alejandro-M-P/axiom/cmd/axiom/main.go:65.42,66.16 1 0
github.com/Alejandro-M-P/axiom/cmd/axiom/main.go:66.16,68.3 1 0
github.com/Alejandro-M-P/axiom/cmd/axiom/main.go:69.2,69.12 1 0
github.com/Alejandro-M-P/axiom/cmd/axiom/main.go:72.28,74.6 2 0
github.com/Alejandro-M-P/axiom/cmd/axiom/main.go:74.6,78.17 4 0
github.com/Alejandro-M-P/axiom/cmd/axiom/main.go:79.32,80.26 1 0
github.com/Alejandro-M-P/axiom/cmd/axiom/main.go:81.32,82.61 1 0
github.com/Alejandro-M-P/axiom/cmd/axiom/main.go:83.32,84.29 1 0
github.com/Alejandro-M-P/axiom/cmd/axiom/main.go:85.11,86.17 1 0
github.com/Alejandro-M-P/axiom/cmd/axiom/main.go:91.14,106.2 1 0
